2018/02/08 22:58:36 [error] [php] error_log(/var/log/debug.log): failed to open stream: Permission denied (/var/www/web/yaamp/core/common/libUtil.php:122)
Stack trace:
#0 unknown(0): CWebApplication->handleError()
#1 /var/www/web/yaamp/core/common/libUtil.php(122): error_log()
#2 /var/www/web/index.php(35): debuglog()
REQUEST_URI=/
2018/02/08 22:59:57 [error] [php] error_log(/var/log/debug.log): failed to open stream: Permission denied (/var/www/web/yaamp/core/common/libUtil.php:122)
Stack trace:
#0 unknown(0): CWebApplication->handleError()
#1 /var/www/web/yaamp/core/common/libUtil.php(122): error_log()
#2 /var/www/web/index.php(35): debuglog()
REQUEST_URI=/
2018/02/08 22:59:58 [error] [php] error_log(/var/log/debug.log): failed to open stream: Permission denied (/var/www/web/yaamp/core/common/libUtil.php:122)
Stack trace:
#0 unknown(0): CWebApplication->handleError()
#1 /var/www/web/yaamp/core/common/libUtil.php(122): error_log()
#2 /var/www/web/index.php(35): debuglog()
REQUEST_URI=/
2018/02/08 23:00:11 [error] [php] error_log(/var/log/debug.log): failed to open stream: Permission denied (/var/www/web/yaamp/core/common/libUtil.php:122)
Stack trace:
#0 unknown(0): CWebApplication->handleError()
#1 /var/www/web/yaamp/core/common/libUtil.php(122): error_log()
#2 /var/www/web/index.php(35): debuglog()
REQUEST_URI=/
2018/02/08 23:00:12 [error] [php] error_log(/var/log/debug.log): failed to open stream: Permission denied (/var/www/web/yaamp/core/common/libUtil.php:122)
Stack trace:
#0 unknown(0): CWebApplication->handleError()
#1 /var/www/web/yaamp/core/common/libUtil.php(122): error_log()
#2 /var/www/web/index.php(35): debuglog()
REQUEST_URI=/
2018/02/08 23:00:20 [error] [php] error_log(/var/log/debug.log): failed to open stream: Permission denied (/var/www/web/yaamp/core/common/libUtil.php:122)
Stack trace:
#0 unknown(0): CWebApplication->handleError()
#1 /var/www/web/yaamp/core/common/libUtil.php(122): error_log()
#2 /var/www/web/index.php(35): debuglog()
REQUEST_URI=/
2018/02/08 23:00:21 [error] [php] error_log(/var/log/debug.log): failed to open stream: Permission denied (/var/www/web/yaamp/core/common/libUtil.php:122)
Stack trace:
#0 unknown(0): CWebApplication->handleError()
#1 /var/www/web/yaamp/core/common/libUtil.php(122): error_log()
#2 /var/www/web/index.php(35): debuglog()
REQUEST_URI=/
2018/02/08 23:00:29 [error] [php] error_log(/var/log/debug.log): failed to open stream: Permission denied (/var/www/web/yaamp/core/common/libUtil.php:122)
Stack trace:
#0 unknown(0): CWebApplication->handleError()
#1 /var/www/web/yaamp/core/common/libUtil.php(122): error_log()
#2 /var/www/web/index.php(35): debuglog()
REQUEST_URI=/
2018/02/08 23:00:29 [error] [php] error_log(/var/log/debug.log): failed to open stream: Permission denied (/var/www/web/yaamp/core/common/libUtil.php:122)
Stack trace:
#0 unknown(0): CWebApplication->handleError()
#1 /var/www/web/yaamp/core/common/libUtil.php(122): error_log()
#2 /var/www/web/index.php(35): debuglog()
REQUEST_URI=/
2018/02/08 23:00:30 [error] [php] error_log(/var/log/debug.log): failed to open stream: Permission denied (/var/www/web/yaamp/core/common/libUtil.php:122)
Stack trace:
#0 unknown(0): CWebApplication->handleError()
#1 /var/www/web/yaamp/core/common/libUtil.php(122): error_log()
#2 /var/www/web/index.php(35): debuglog()
REQUEST_URI=/
2018/02/08 23:00:30 [error] [php] error_log(/var/log/debug.log): failed to open stream: Permission denied (/var/www/web/yaamp/core/common/libUtil.php:122)
Stack trace:
#0 unknown(0): CWebApplication->handleError()
#1 /var/www/web/yaamp/core/common/libUtil.php(122): error_log()
#2 /var/www/web/index.php(35): debuglog()
REQUEST_URI=/
2018/02/08 23:00:31 [error] [php] error_log(/var/log/debug.log): failed to open stream: Permission denied (/var/www/web/yaamp/core/common/libUtil.php:122)
Stack trace:
#0 unknown(0): CWebApplication->handleError()
#1 /var/www/web/yaamp/core/common/libUtil.php(122): error_log()
#2 /var/www/web/index.php(35): debuglog()
REQUEST_URI=/
2018/02/08 23:00:31 [error] [php] error_log(/var/log/debug.log): failed to open stream: Permission denied (/var/www/web/yaamp/core/common/libUtil.php:122)
Stack trace:
#0 unknown(0): CWebApplication->handleError()
#1 /var/www/web/yaamp/core/common/libUtil.php(122): error_log()
#2 /var/www/web/index.php(35): debuglog()
REQUEST_URI=/
2018/02/08 23:00:32 [error] [php] error_log(/var/log/debug.log): failed to open stream: Permission denied (/var/www/web/yaamp/core/common/libUtil.php:122)
Stack trace:
#0 unknown(0): CWebApplication->handleError()
#1 /var/www/web/yaamp/core/common/libUtil.php(122): error_log()
#2 /var/www/web/index.php(35): debuglog()
REQUEST_URI=/
2018/02/08 23:00:32 [error] [php] error_log(/var/log/debug.log): failed to open stream: Permission denied (/var/www/web/yaamp/core/common/libUtil.php:122)
Stack trace:
#0 unknown(0): CWebApplication->handleError()
#1 /var/www/web/yaamp/core/common/libUtil.php(122): error_log()
#2 /var/www/web/index.php(35): debuglog()
REQUEST_URI=/
2018/02/08 23:01:30 [error] [php] error_log(/var/log/debug.log): failed to open stream: Permission denied (/var/www/web/yaamp/core/common/libUtil.php:122)
Stack trace:
#0 unknown(0): CWebApplication->handleError()
#1 /var/www/web/yaamp/core/common/libUtil.php(122): error_log()
#2 /var/www/web/index.php(35): debuglog()
REQUEST_URI=/
2018/02/08 23:01:31 [error] [php] error_log(/var/log/debug.log): failed to open stream: Permission denied (/var/www/web/yaamp/core/common/libUtil.php:122)
Stack trace:
#0 unknown(0): CWebApplication->handleError()
#1 /var/www/web/yaamp/core/common/libUtil.php(122): error_log()
#2 /var/www/web/index.php(35): debuglog()
REQUEST_URI=/
2018/02/08 23:01:45 [error] [php] error_log(/var/log/debug.log): failed to open stream: Permission denied (/var/www/web/yaamp/core/common/libUtil.php:122)
Stack trace:
#0 unknown(0): CWebApplication->handleError()
#1 /var/www/web/yaamp/core/common/libUtil.php(122): error_log()
#2 /var/www/web/index.php(35): debuglog()
REQUEST_URI=/
2018/02/08 23:01:45 [error] [php] error_log(/var/log/debug.log): failed to open stream: Permission denied (/var/www/web/yaamp/core/common/libUtil.php:122)
Stack trace:
#0 unknown(0): CWebApplication->handleError()
#1 /var/www/web/yaamp/core/common/libUtil.php(122): error_log()
#2 /var/www/web/index.php(35): debuglog()
REQUEST_URI=/
2018/02/08 23:01:46 [error] [php] error_log(/var/log/debug.log): failed to open stream: Permission denied (/var/www/web/yaamp/core/common/libUtil.php:122)
Stack trace:
#0 unknown(0): CWebApplication->handleError()
#1 /var/www/web/yaamp/core/common/libUtil.php(122): error_log()
#2 /var/www/web/index.php(35): debuglog()
REQUEST_URI=/
2018/02/08 23:02:04 [error] [php] error_log(/var/log/debug.log): failed to open stream: Permission denied (/var/www/web/yaamp/core/common/libUtil.php:122)
Stack trace:
#0 unknown(0): CWebApplication->handleError()
#1 /var/www/web/yaamp/core/common/libUtil.php(122): error_log()
#2 /var/www/web/index.php(35): debuglog()
REQUEST_URI=/
2018/02/08 23:02:04 [error] [php] error_log(/var/log/debug.log): failed to open stream: Permission denied (/var/www/web/yaamp/core/common/libUtil.php:122)
Stack trace:
#0 unknown(0): CWebApplication->handleError()
#1 /var/www/web/yaamp/core/common/libUtil.php(122): error_log()
#2 /var/www/web/index.php(35): debuglog()
REQUEST_URI=/
2018/02/08 23:02:05 [error] [php] error_log(/var/log/debug.log): failed to open stream: Permission denied (/var/www/web/yaamp/core/common/libUtil.php:122)
Stack trace:
#0 unknown(0): CWebApplication->handleError()
#1 /var/www/web/yaamp/core/common/libUtil.php(122): error_log()
#2 /var/www/web/index.php(35): debuglog()
REQUEST_URI=/
2018/02/08 23:03:13 [error] [php] error_log(/var/log/debug.log): failed to open stream: Permission denied (/var/www/web/yaamp/core/common/libUtil.php:122)
Stack trace:
#0 unknown(0): CWebApplication->handleError()
#1 /var/www/web/yaamp/core/common/libUtil.php(122): error_log()
#2 /var/www/web/index.php(35): debuglog()
REQUEST_URI=/
2018/02/08 23:03:13 [error] [php] error_log(/var/log/debug.log): failed to open stream: Permission denied (/var/www/web/yaamp/core/common/libUtil.php:122)
Stack trace:
#0 unknown(0): CWebApplication->handleError()
#1 /var/www/web/yaamp/core/common/libUtil.php(122): error_log()
#2 /var/www/web/index.php(35): debuglog()
REQUEST_URI=/
2018/02/08 23:05:37 [error] [php] error_log(/var/log/debug.log): failed to open stream: Permission denied (/var/www/web/yaamp/core/common/libUtil.php:122)
Stack trace:
#0 unknown(0): CWebApplication->handleError()
#1 /var/www/web/yaamp/core/common/libUtil.php(122): error_log()
#2 /var/www/web/index.php(35): debuglog()
REQUEST_URI=/
2018/02/08 23:08:42 [error] [php] error_log(/var/log/debug.log): failed to open stream: Permission denied (/var/www/web/yaamp/core/common/libUtil.php:122)
Stack trace:
#0 unknown(0): CWebApplication->handleError()
#1 /var/www/web/yaamp/core/common/libUtil.php(122): error_log()
#2 /var/www/web/index.php(35): debuglog()
REQUEST_URI=/
2018/02/08 23:08:43 [error] [php] error_log(/var/log/debug.log): failed to open stream: Permission denied (/var/www/web/yaamp/core/common/libUtil.php:122)
Stack trace:
#0 unknown(0): CWebApplication->handleError()
#1 /var/www/web/yaamp/core/common/libUtil.php(122): error_log()
#2 /var/www/web/index.php(35): debuglog()
REQUEST_URI=/
2018/02/08 23:09:08 [error] [php] error_log(/var/log/debug.log): failed to open stream: Permission denied (/var/www/web/yaamp/core/common/libUtil.php:122)
Stack trace:
#0 unknown(0): CWebApplication->handleError()
#1 /var/www/web/yaamp/core/common/libUtil.php(122): error_log()
#2 /var/www/web/index.php(35): debuglog()
REQUEST_URI=/
2018/02/08 23:09:09 [error] [php] error_log(/var/log/debug.log): failed to open stream: Permission denied (/var/www/web/yaamp/core/common/libUtil.php:122)
Stack trace:
#0 unknown(0): CWebApplication->handleError()
#1 /var/www/web/yaamp/core/common/libUtil.php(122): error_log()
#2 /var/www/web/index.php(35): debuglog()
REQUEST_URI=/
2018/02/08 23:09:40 [error] [php] error_log(/var/log/debug.log): failed to open stream: Permission denied (/var/www/web/yaamp/core/common/libUtil.php:122)
Stack trace:
#0 unknown(0): CWebApplication->handleError()
#1 /var/www/web/yaamp/core/common/libUtil.php(122): error_log()
#2 /var/www/web/index.php(35): debuglog()
REQUEST_URI=/
2018/02/08 23:09:41 [error] [php] error_log(/var/log/debug.log): failed to open stream: Permission denied (/var/www/web/yaamp/core/common/libUtil.php:122)
Stack trace:
#0 unknown(0): CWebApplication->handleError()
#1 /var/www/web/yaamp/core/common/libUtil.php(122): error_log()
#2 /var/www/web/index.php(35): debuglog()
REQUEST_URI=/
2018/02/08 23:09:42 [error] [php] error_log(/var/log/debug.log): failed to open stream: Permission denied (/var/www/web/yaamp/core/common/libUtil.php:122)
Stack trace:
#0 unknown(0): CWebApplication->handleError()
#1 /var/www/web/yaamp/core/common/libUtil.php(122): error_log()
#2 /var/www/web/index.php(35): debuglog()
REQUEST_URI=/
2018/02/08 23:09:43 [error] [php] error_log(/var/log/debug.log): failed to open stream: Permission denied (/var/www/web/yaamp/core/common/libUtil.php:122)
Stack trace:
#0 unknown(0): CWebApplication->handleError()
#1 /var/www/web/yaamp/core/common/libUtil.php(122): error_log()
#2 /var/www/web/index.php(35): debuglog()
REQUEST_URI=/
2018/02/08 23:10:00 [error] [php] error_log(/var/log/debug.log): failed to open stream: Permission denied (/var/www/web/yaamp/core/common/libUtil.php:122)
Stack trace:
#0 unknown(0): CWebApplication->handleError()
#1 /var/www/web/yaamp/core/common/libUtil.php(122): error_log()
#2 /var/www/web/index.php(35): debuglog()
REQUEST_URI=/
2018/02/08 23:10:01 [error] [php] error_log(/var/log/debug.log): failed to open stream: Permission denied (/var/www/web/yaamp/core/common/libUtil.php:122)
Stack trace:
#0 unknown(0): CWebApplication->handleError()
#1 /var/www/web/yaamp/core/common/libUtil.php(122): error_log()
#2 /var/www/web/index.php(35): debuglog()
REQUEST_URI=/
2018/02/08 23:10:01 [error] [php] error_log(/var/log/debug.log): failed to open stream: Permission denied (/var/www/web/yaamp/core/common/libUtil.php:122)
Stack trace:
#0 unknown(0): CWebApplication->handleError()
#1 /var/www/web/yaamp/core/common/libUtil.php(122): error_log()
#2 /var/www/web/index.php(35): debuglog()
REQUEST_URI=/
2018/02/08 23:10:02 [error] [php] error_log(/var/log/debug.log): failed to open stream: Permission denied (/var/www/web/yaamp/core/common/libUtil.php:122)
Stack trace:
#0 unknown(0): CWebApplication->handleError()
#1 /var/www/web/yaamp/core/common/libUtil.php(122): error_log()
#2 /var/www/web/index.php(35): debuglog()
REQUEST_URI=/
2018/02/08 23:10:03 [error] [php] error_log(/var/log/debug.log): failed to open stream: Permission denied (/var/www/web/yaamp/core/common/libUtil.php:122)
Stack trace:
#0 unknown(0): CWebApplication->handleError()
#1 /var/www/web/yaamp/core/common/libUtil.php(122): error_log()
#2 /var/www/web/index.php(35): debuglog()
REQUEST_URI=/
2018/02/08 23:10:43 [error] [php] error_log(/var/log/debug.log): failed to open stream: Permission denied (/var/www/web/yaamp/core/common/libUtil.php:122)
Stack trace:
#0 unknown(0): CWebApplication->handleError()
#1 /var/www/web/yaamp/core/common/libUtil.php(122): error_log()
#2 /var/www/web/index.php(35): debuglog()
REQUEST_URI=/
2018/02/08 23:10:43 [error] [php] error_log(/var/log/debug.log): failed to open stream: Permission denied (/var/www/web/yaamp/core/common/libUtil.php:122)
Stack trace:
#0 unknown(0): CWebApplication->handleError()
#1 /var/www/web/yaamp/core/common/libUtil.php(122): error_log()
#2 /var/www/web/index.php(35): debuglog()
REQUEST_URI=/
2018/02/08 23:10:44 [error] [php] error_log(/var/log/debug.log): failed to open stream: Permission denied (/var/www/web/yaamp/core/common/libUtil.php:122)
Stack trace:
#0 unknown(0): CWebApplication->handleError()
#1 /var/www/web/yaamp/core/common/libUtil.php(122): error_log()
#2 /var/www/web/index.php(35): debuglog()
REQUEST_URI=/
2018/02/08 23:10:44 [error] [php] error_log(/var/log/debug.log): failed to open stream: Permission denied (/var/www/web/yaamp/core/common/libUtil.php:122)
Stack trace:
#0 unknown(0): CWebApplication->handleError()
#1 /var/www/web/yaamp/core/common/libUtil.php(122): error_log()
#2 /var/www/web/index.php(35): debuglog()
REQUEST_URI=/
2018/02/08 23:10:45 [error] [php] error_log(/var/log/debug.log): failed to open stream: Permission denied (/var/www/web/yaamp/core/common/libUtil.php:122)
Stack trace:
#0 unknown(0): CWebApplication->handleError()
#1 /var/www/web/yaamp/core/common/libUtil.php(122): error_log()
#2 /var/www/web/index.php(35): debuglog()
REQUEST_URI=/
2018/02/08 23:10:45 [error] [php] error_log(/var/log/debug.log): failed to open stream: Permission denied (/var/www/web/yaamp/core/common/libUtil.php:122)
Stack trace:
#0 unknown(0): CWebApplication->handleError()
#1 /var/www/web/yaamp/core/common/libUtil.php(122): error_log()
#2 /var/www/web/index.php(35): debuglog()
REQUEST_URI=/
2018/02/08 23:16:48 [error] [php] mkdir(): Permission denied (/var/www/web/yaamp/core/common/libUtil.php:121)
Stack trace:
#0 unknown(0): CWebApplication->handleError()
#1 /var/www/web/yaamp/core/common/libUtil.php(121): mkdir()
#2 /var/www/web/index.php(35): debuglog()
REQUEST_URI=/
2018/02/08 23:16:49 [error] [php] mkdir(): Permission denied (/var/www/web/yaamp/core/common/libUtil.php:121)
Stack trace:
#0 unknown(0): CWebApplication->handleError()
#1 /var/www/web/yaamp/core/common/libUtil.php(121): mkdir()
#2 /var/www/web/index.php(35): debuglog()
REQUEST_URI=/
2018/02/08 23:16:50 [error] [php] mkdir(): Permission denied (/var/www/web/yaamp/core/common/libUtil.php:121)
Stack trace:
#0 unknown(0): CWebApplication->handleError()
#1 /var/www/web/yaamp/core/common/libUtil.php(121): mkdir()
#2 /var/www/web/index.php(35): debuglog()
REQUEST_URI=/
2018/02/08 23:16:51 [error] [php] mkdir(): Permission denied (/var/www/web/yaamp/core/common/libUtil.php:121)
Stack trace:
#0 unknown(0): CWebApplication->handleError()
#1 /var/www/web/yaamp/core/common/libUtil.php(121): mkdir()
#2 /var/www/web/index.php(35): debuglog()
REQUEST_URI=/
2018/02/08 23:16:52 [error] [php] mkdir(): Permission denied (/var/www/web/yaamp/core/common/libUtil.php:121)
Stack trace:
#0 unknown(0): CWebApplication->handleError()
#1 /var/www/web/yaamp/core/common/libUtil.php(121): mkdir()
#2 /var/www/web/index.php(35): debuglog()
REQUEST_URI=/
2018/02/08 23:16:54 [error] [php] mkdir(): Permission denied (/var/www/web/yaamp/core/common/libUtil.php:121)
Stack trace:
#0 unknown(0): CWebApplication->handleError()
#1 /var/www/web/yaamp/core/common/libUtil.php(121): mkdir()
#2 /var/www/web/index.php(35): debuglog()
REQUEST_URI=/
2018/02/08 23:16:55 [error] [php] mkdir(): Permission denied (/var/www/web/yaamp/core/common/libUtil.php:121)
Stack trace:
#0 unknown(0): CWebApplication->handleError()
#1 /var/www/web/yaamp/core/common/libUtil.php(121): mkdir()
#2 /var/www/web/index.php(35): debuglog()
REQUEST_URI=/
2018/02/08 23:16:56 [error] [php] mkdir(): Permission denied (/var/www/web/yaamp/core/common/libUtil.php:121)
Stack trace:
#0 unknown(0): CWebApplication->handleError()
#1 /var/www/web/yaamp/core/common/libUtil.php(121): mkdir()
#2 /var/www/web/index.php(35): debuglog()
REQUEST_URI=/
2018/02/08 23:16:57 [error] [php] mkdir(): Permission denied (/var/www/web/yaamp/core/common/libUtil.php:121)
Stack trace:
#0 unknown(0): CWebApplication->handleError()
#1 /var/www/web/yaamp/core/common/libUtil.php(121): mkdir()
#2 /var/www/web/index.php(35): debuglog()
REQUEST_URI=/
2018/02/08 23:16:57 [error] [php] mkdir(): Permission denied (/var/www/web/yaamp/core/common/libUtil.php:121)
Stack trace:
#0 unknown(0): CWebApplication->handleError()
#1 /var/www/web/yaamp/core/common/libUtil.php(121): mkdir()
#2 /var/www/web/index.php(35): debuglog()
REQUEST_URI=/
2018/02/08 23:16:58 [error] [php] mkdir(): Permission denied (/var/www/web/yaamp/core/common/libUtil.php:121)
Stack trace:
#0 unknown(0): CWebApplication->handleError()
#1 /var/www/web/yaamp/core/common/libUtil.php(121): mkdir()
#2 /var/www/web/index.php(35): debuglog()
REQUEST_URI=/
2018/02/08 23:16:58 [error] [php] mkdir(): Permission denied (/var/www/web/yaamp/core/common/libUtil.php:121)
Stack trace:
#0 unknown(0): CWebApplication->handleError()
#1 /var/www/web/yaamp/core/common/libUtil.php(121): mkdir()
#2 /var/www/web/index.php(35): debuglog()
REQUEST_URI=/
2018/02/08 23:16:59 [error] [php] mkdir(): Permission denied (/var/www/web/yaamp/core/common/libUtil.php:121)
Stack trace:
#0 unknown(0): CWebApplication->handleError()
#1 /var/www/web/yaamp/core/common/libUtil.php(121): mkdir()
#2 /var/www/web/index.php(35): debuglog()
REQUEST_URI=/
2018/02/08 23:17:00 [error] [php] mkdir(): Permission denied (/var/www/web/yaamp/core/common/libUtil.php:121)
Stack trace:
#0 unknown(0): CWebApplication->handleError()
#1 /var/www/web/yaamp/core/common/libUtil.php(121): mkdir()
#2 /var/www/web/index.php(35): debuglog()
REQUEST_URI=/
2018/02/08 23:17:00 [error] [php] mkdir(): Permission denied (/var/www/web/yaamp/core/common/libUtil.php:121)
Stack trace:
#0 unknown(0): CWebApplication->handleError()
#1 /var/www/web/yaamp/core/common/libUtil.php(121): mkdir()
#2 /var/www/web/index.php(35): debuglog()
REQUEST_URI=/
2018/02/08 23:17:00 [error] [php] mkdir(): Permission denied (/var/www/web/yaamp/core/common/libUtil.php:121)
Stack trace:
#0 unknown(0): CWebApplication->handleError()
#1 /var/www/web/yaamp/core/common/libUtil.php(121): mkdir()
#2 /var/www/web/index.php(35): debuglog()
REQUEST_URI=/
2018/02/08 23:17:00 [error] [php] mkdir(): Permission denied (/var/www/web/yaamp/core/common/libUtil.php:121)
Stack trace:
#0 unknown(0): CWebApplication->handleError()
#1 /var/www/web/yaamp/core/common/libUtil.php(121): mkdir()
#2 /var/www/web/index.php(35): debuglog()
REQUEST_URI=/
2018/02/08 23:17:01 [error] [php] mkdir(): Permission denied (/var/www/web/yaamp/core/common/libUtil.php:121)
Stack trace:
#0 unknown(0): CWebApplication->handleError()
#1 /var/www/web/yaamp/core/common/libUtil.php(121): mkdir()
#2 /var/www/web/index.php(35): debuglog()
REQUEST_URI=/
2018/02/08 23:17:01 [error] [php] mkdir(): Permission denied (/var/www/web/yaamp/core/common/libUtil.php:121)
Stack trace:
#0 unknown(0): CWebApplication->handleError()
#1 /var/www/web/yaamp/core/common/libUtil.php(121): mkdir()
#2 /var/www/web/index.php(35): debuglog()
REQUEST_URI=/
2018/02/08 23:17:02 [error] [php] mkdir(): Permission denied (/var/www/web/yaamp/core/common/libUtil.php:121)
Stack trace:
#0 unknown(0): CWebApplication->handleError()
#1 /var/www/web/yaamp/core/common/libUtil.php(121): mkdir()
#2 /var/www/web/index.php(35): debuglog()
REQUEST_URI=/
2018/02/08 23:17:02 [error] [php] mkdir(): Permission denied (/var/www/web/yaamp/core/common/libUtil.php:121)
Stack trace:
#0 unknown(0): CWebApplication->handleError()
#1 /var/www/web/yaamp/core/common/libUtil.php(121): mkdir()
#2 /var/www/web/index.php(35): debuglog()
REQUEST_URI=/
2018/02/08 23:18:28 [error] [php] mkdir(): Permission denied (/var/www/web/yaamp/core/common/libUtil.php:121)
Stack trace:
#0 unknown(0): CWebApplication->handleError()
#1 /var/www/web/yaamp/core/common/libUtil.php(121): mkdir()
#2 /var/www/web/index.php(35): debuglog()
REQUEST_URI=/
2018/02/08 23:18:28 [error] [php] mkdir(): Permission denied (/var/www/web/yaamp/core/common/libUtil.php:121)
Stack trace:
#0 unknown(0): CWebApplication->handleError()
#1 /var/www/web/yaamp/core/common/libUtil.php(121): mkdir()
#2 /var/www/web/index.php(35): debuglog()
REQUEST_URI=/
2018/02/08 23:18:29 [error] [php] mkdir(): Permission denied (/var/www/web/yaamp/core/common/libUtil.php:121)
Stack trace:
#0 unknown(0): CWebApplication->handleError()
#1 /var/www/web/yaamp/core/common/libUtil.php(121): mkdir()
#2 /var/www/web/index.php(35): debuglog()
REQUEST_URI=/
2018/02/08 23:18:29 [error] [php] mkdir(): Permission denied (/var/www/web/yaamp/core/common/libUtil.php:121)
Stack trace:
#0 unknown(0): CWebApplication->handleError()
#1 /var/www/web/yaamp/core/common/libUtil.php(121): mkdir()
#2 /var/www/web/index.php(35): debuglog()
REQUEST_URI=/
2018/02/08 23:18:30 [error] [php] mkdir(): Permission denied (/var/www/web/yaamp/core/common/libUtil.php:121)
Stack trace:
#0 unknown(0): CWebApplication->handleError()
#1 /var/www/web/yaamp/core/common/libUtil.php(121): mkdir()
#2 /var/www/web/index.php(35): debuglog()
REQUEST_URI=/
2018/02/08 23:20:57 [error] [php] mkdir(): Permission denied (/var/www/web/yaamp/core/common/libUtil.php:121)
Stack trace:
#0 unknown(0): CWebApplication->handleError()
#1 /var/www/web/yaamp/core/common/libUtil.php(121): mkdir()
#2 /var/www/web/index.php(35): debuglog()
REQUEST_URI=/
2018/02/08 23:20:58 [error] [php] mkdir(): Permission denied (/var/www/web/yaamp/core/common/libUtil.php:121)
Stack trace:
#0 unknown(0): CWebApplication->handleError()
#1 /var/www/web/yaamp/core/common/libUtil.php(121): mkdir()
#2 /var/www/web/index.php(35): debuglog()
REQUEST_URI=/
2018/02/08 23:20:59 [error] [php] mkdir(): Permission denied (/var/www/web/yaamp/core/common/libUtil.php:121)
Stack trace:
#0 unknown(0): CWebApplication->handleError()
#1 /var/www/web/yaamp/core/common/libUtil.php(121): mkdir()
#2 /var/www/web/index.php(35): debuglog()
REQUEST_URI=/
2018/02/08 23:20:59 [error] [php] mkdir(): Permission denied (/var/www/web/yaamp/core/common/libUtil.php:121)
Stack trace:
#0 unknown(0): CWebApplication->handleError()
#1 /var/www/web/yaamp/core/common/libUtil.php(121): mkdir()
#2 /var/www/web/index.php(35): debuglog()
REQUEST_URI=/
2018/02/08 23:21:00 [error] [php] mkdir(): Permission denied (/var/www/web/yaamp/core/common/libUtil.php:121)
Stack trace:
#0 unknown(0): CWebApplication->handleError()
#1 /var/www/web/yaamp/core/common/libUtil.php(121): mkdir()
#2 /var/www/web/index.php(35): debuglog()
REQUEST_URI=/
2018/02/08 23:21:13 [error] [php] mkdir(): Permission denied (/var/www/web/yaamp/core/common/libUtil.php:121)
Stack trace:
#0 unknown(0): CWebApplication->handleError()
#1 /var/www/web/yaamp/core/common/libUtil.php(121): mkdir()
#2 /var/www/web/index.php(35): debuglog()
REQUEST_URI=/
2018/02/08 23:21:14 [error] [php] mkdir(): Permission denied (/var/www/web/yaamp/core/common/libUtil.php:121)
Stack trace:
#0 unknown(0): CWebApplication->handleError()
#1 /var/www/web/yaamp/core/common/libUtil.php(121): mkdir()
#2 /var/www/web/index.php(35): debuglog()
REQUEST_URI=/
2018/02/08 23:21:14 [error] [php] mkdir(): Permission denied (/var/www/web/yaamp/core/common/libUtil.php:121)
Stack trace:
#0 unknown(0): CWebApplication->handleError()
#1 /var/www/web/yaamp/core/common/libUtil.php(121): mkdir()
#2 /var/www/web/index.php(35): debuglog()
REQUEST_URI=/
2018/02/08 23:21:15 [error] [php] mkdir(): Permission denied (/var/www/web/yaamp/core/common/libUtil.php:121)
Stack trace:
#0 unknown(0): CWebApplication->handleError()
#1 /var/www/web/yaamp/core/common/libUtil.php(121): mkdir()
#2 /var/www/web/index.php(35): debuglog()
REQUEST_URI=/
2018/02/08 23:21:15 [error] [php] mkdir(): Permission denied (/var/www/web/yaamp/core/common/libUtil.php:121)
Stack trace:
#0 unknown(0): CWebApplication->handleError()
#1 /var/www/web/yaamp/core/common/libUtil.php(121): mkdir()
#2 /var/www/web/index.php(35): debuglog()
REQUEST_URI=/
2018/02/08 23:21:16 [error] [php] mkdir(): Permission denied (/var/www/web/yaamp/core/common/libUtil.php:121)
Stack trace:
#0 unknown(0): CWebApplication->handleError()
#1 /var/www/web/yaamp/core/common/libUtil.php(121): mkdir()
#2 /var/www/web/index.php(35): debuglog()
REQUEST_URI=/
2018/02/08 23:21:16 [error] [php] mkdir(): Permission denied (/var/www/web/yaamp/core/common/libUtil.php:121)
Stack trace:
#0 unknown(0): CWebApplication->handleError()
#1 /var/www/web/yaamp/core/common/libUtil.php(121): mkdir()
#2 /var/www/web/index.php(35): debuglog()
REQUEST_URI=/
2018/02/08 23:21:17 [error] [php] mkdir(): Permission denied (/var/www/web/yaamp/core/common/libUtil.php:121)
Stack trace:
#0 unknown(0): CWebApplication->handleError()
#1 /var/www/web/yaamp/core/common/libUtil.php(121): mkdir()
#2 /var/www/web/index.php(35): debuglog()
REQUEST_URI=/
2018/02/08 23:21:17 [error] [php] mkdir(): Permission denied (/var/www/web/yaamp/core/common/libUtil.php:121)
Stack trace:
#0 unknown(0): CWebApplication->handleError()
#1 /var/www/web/yaamp/core/common/libUtil.php(121): mkdir()
#2 /var/www/web/index.php(35): debuglog()
REQUEST_URI=/
